[2025-10-15 11:23:08] INFO HomeController@index served {"users_count":2}
[2025-10-15 11:24:01] INFO HomeController@index served {"users_count":2}
[2025-10-15 11:24:01] INFO HomeController@index served {"users_count":2}
[2025-10-15 11:24:02] INFO HomeController@index served {"users_count":2}
[2025-10-15 11:24:02] INFO HomeController@index served {"users_count":2}
[2025-10-15 11:24:02] INFO HomeController@index served {"users_count":2}
[2025-10-15 11:24:25] INFO HomeController@index served {"users_count":2}
[2025-10-15 11:31:30] INFO hello called {"name":"Alice","age":30}
[2025-10-15 11:31:31] INFO hello called {"name":"Alice","age":30}
[2025-10-15 11:31:32] INFO hello called {"name":"Alice","age":30}
[2025-10-15 11:31:32] INFO hello called {"name":"Alice","age":30}
[2025-10-15 11:32:53] INFO hello called {"name":"Alice","age":30}
[2025-10-15 11:32:54] INFO hello called {"name":"Alice","age":30}
[2025-10-15 11:32:54] INFO hello called {"name":"Alice","age":30}
[2025-10-15 12:22:31] INFO hello called {"name":"Alice","age":30}
[2025-10-15 12:31:39] INFO hello called {"name":"Alice","age":30}
[2025-10-15 12:35:43] INFO hello called {"name":"Alice","age":30}
[2025-10-15 12:35:44] INFO hello called {"name":"Alice","age":30}
[2025-10-15 12:35:44] INFO hello called {"name":"Alice","age":30}
[2025-10-15 12:36:03] INFO hello called {"name":"Alice","age":30}
[2025-10-15 12:36:04] INFO hello called {"name":"Alice","age":30}
[2025-10-15 12:36:05] INFO hello called {"name":"Alice","age":30}
[2025-10-15 12:36:07] INFO hello called {"name":"Alice","age":30}
[2025-10-15 12:36:23] INFO hello called {"name":"Alice","age":30}
[2025-10-15 12:36:24] INFO hello called {"name":"Alice","age":30}
[2025-10-15 12:36:24] INFO hello called {"name":"Alice","age":30}
[2025-10-15 12:36:24] INFO hello called {"name":"Alice","age":30}
[2025-10-15 12:58:46] INFO hello called {"name":"Alice","age":30}
[2025-10-15 12:58:47] INFO hello called {"name":"Alice","age":30}
[2025-10-15 12:59:23] INFO hello called {"name":"Alice","age":30}
[2025-10-15 12:59:24] INFO hello called {"name":"Alice","age":30}
[2025-10-15 13:02:06] INFO hello called {"name":"index","age":0}
[2025-10-15 13:02:24] INFO hello called {"name":"index","age":45}
[2025-10-15 13:04:35] INFO hello called {"name":"index","age":45}
[2025-10-15 13:04:36] INFO hello called {"name":"index","age":45}
[2025-10-15 13:05:04] INFO hello called {"name":"user","age":0}
[2025-10-15 13:05:09] INFO hello called {"name":"user","age":0}
[2025-10-15 13:05:23] INFO hello called {"name":"users","age":0}
[2025-10-15 13:06:02] INFO search {"q":"php"}
[2025-10-15 13:14:22] INFO search {"q":"php"}
[2025-10-15 13:14:23] INFO search {"q":"php"}
[2025-10-15 13:14:23] INFO search {"q":"php"}
[2025-10-15 13:14:23] INFO search {"q":"php"}
[2025-10-15 13:17:17] INFO search {"q":"php"}
[2025-10-15 13:17:18] INFO search {"q":"php"}
[2025-10-21 05:15:51] INFO hello called {"name":"test","age":0}
[2025-10-21 05:15:58] INFO hello called {"name":"test","age":23}
